<?xml version="1.0" encoding="UTF-8"?>
<testsuites name="jest tests" tests="3" failures="3" time="1.944">
  <testsuite name="Landing Page Tests" errors="0" failures="3" skipped="0" timestamp="2025-06-09T18:09:38" time="1.58" tests="3">
    <testcase classname="Landing Page Tests fetchCities() - Makes a fetch call for /cities API endpoint and returns an array with the cities data" name="Landing Page Tests fetchCities() - Makes a fetch call for /cities API endpoint and returns an array with the cities data" time="0.003">
      <failure>ReferenceError: document is not defined
    at Object.document (C:\Users\godav\OneDrive\Desktop\HTML Practice\FE2\Create_City_Cards_for_QTrip_Byte\frontend\__tests__\modules\landing_page.test.js:15:5)
    at Promise.then.completed (C:\Users\godav\OneDrive\Desktop\HTML Practice\FE2\Create_City_Cards_for_QTrip_Byte\frontend\__tests__\node_modules\jest-circus\build\utils.js:298:28)
    at new Promise (&lt;anonymous&gt;)
    at callAsyncCircusFn (C:\Users\godav\OneDrive\Desktop\HTML Practice\FE2\Create_City_Cards_for_QTrip_Byte\frontend\__tests__\node_modules\jest-circus\build\utils.js:231:10)
    at _callCircusHook (C:\Users\godav\OneDrive\Desktop\HTML Practice\FE2\Create_City_Cards_for_QTrip_Byte\frontend\__tests__\node_modules\jest-circus\build\run.js:281:40)
    at _runTest (C:\Users\godav\OneDrive\Desktop\HTML Practice\FE2\Create_City_Cards_for_QTrip_Byte\frontend\__tests__\node_modules\jest-circus\build\run.js:246:5)
    at _runTestsForDescribeBlock (C:\Users\godav\OneDrive\Desktop\HTML Practice\FE2\Create_City_Cards_for_QTrip_Byte\frontend\__tests__\node_modules\jest-circus\build\run.js:126:9)
    at _runTestsForDescribeBlock (C:\Users\godav\OneDrive\Desktop\HTML Practice\FE2\Create_City_Cards_for_QTrip_Byte\frontend\__tests__\node_modules\jest-circus\build\run.js:121:9)
    at run (C:\Users\godav\OneDrive\Desktop\HTML Practice\FE2\Create_City_Cards_for_QTrip_Byte\frontend\__tests__\node_modules\jest-circus\build\run.js:71:3)
    at runAndTransformResultsToJestFormat (C:\Users\godav\OneDrive\Desktop\HTML Practice\FE2\Create_City_Cards_for_QTrip_Byte\frontend\__tests__\node_modules\jest-circus\build\legacy-code-todo-rewrite\jestAdapterInit.js:122:21)
    at jestAdapter (C:\Users\godav\OneDrive\Desktop\HTML Practice\FE2\Create_City_Cards_for_QTrip_Byte\frontend\__tests__\node_modules\jest-circus\build\legacy-code-todo-rewrite\jestAdapter.js:79:19)
    at runTestInternal (C:\Users\godav\OneDrive\Desktop\HTML Practice\FE2\Create_City_Cards_for_QTrip_Byte\frontend\__tests__\node_modules\jest-runner\build\runTest.js:367:16)
    at runTest (C:\Users\godav\OneDrive\Desktop\HTML Practice\FE2\Create_City_Cards_for_QTrip_Byte\frontend\__tests__\node_modules\jest-runner\build\runTest.js:444:34)</failure>
    </testcase>
    <testcase classname="Landing Page Tests Catches error and returns null, if fetch call fails " name="Landing Page Tests Catches error and returns null, if fetch call fails " time="0.001">
      <failure>ReferenceError: document is not defined
    at Object.document (C:\Users\godav\OneDrive\Desktop\HTML Practice\FE2\Create_City_Cards_for_QTrip_Byte\frontend\__tests__\modules\landing_page.test.js:15:5)
    at Promise.then.completed (C:\Users\godav\OneDrive\Desktop\HTML Practice\FE2\Create_City_Cards_for_QTrip_Byte\frontend\__tests__\node_modules\jest-circus\build\utils.js:298:28)
    at new Promise (&lt;anonymous&gt;)
    at callAsyncCircusFn (C:\Users\godav\OneDrive\Desktop\HTML Practice\FE2\Create_City_Cards_for_QTrip_Byte\frontend\__tests__\node_modules\jest-circus\build\utils.js:231:10)
    at _callCircusHook (C:\Users\godav\OneDrive\Desktop\HTML Practice\FE2\Create_City_Cards_for_QTrip_Byte\frontend\__tests__\node_modules\jest-circus\build\run.js:281:40)
    at _runTest (C:\Users\godav\OneDrive\Desktop\HTML Practice\FE2\Create_City_Cards_for_QTrip_Byte\frontend\__tests__\node_modules\jest-circus\build\run.js:246:5)
    at _runTestsForDescribeBlock (C:\Users\godav\OneDrive\Desktop\HTML Practice\FE2\Create_City_Cards_for_QTrip_Byte\frontend\__tests__\node_modules\jest-circus\build\run.js:126:9)
    at _runTestsForDescribeBlock (C:\Users\godav\OneDrive\Desktop\HTML Practice\FE2\Create_City_Cards_for_QTrip_Byte\frontend\__tests__\node_modules\jest-circus\build\run.js:121:9)
    at run (C:\Users\godav\OneDrive\Desktop\HTML Practice\FE2\Create_City_Cards_for_QTrip_Byte\frontend\__tests__\node_modules\jest-circus\build\run.js:71:3)
    at runAndTransformResultsToJestFormat (C:\Users\godav\OneDrive\Desktop\HTML Practice\FE2\Create_City_Cards_for_QTrip_Byte\frontend\__tests__\node_modules\jest-circus\build\legacy-code-todo-rewrite\jestAdapterInit.js:122:21)
    at jestAdapter (C:\Users\godav\OneDrive\Desktop\HTML Practice\FE2\Create_City_Cards_for_QTrip_Byte\frontend\__tests__\node_modules\jest-circus\build\legacy-code-todo-rewrite\jestAdapter.js:79:19)
    at runTestInternal (C:\Users\godav\OneDrive\Desktop\HTML Practice\FE2\Create_City_Cards_for_QTrip_Byte\frontend\__tests__\node_modules\jest-runner\build\runTest.js:367:16)
    at runTest (C:\Users\godav\OneDrive\Desktop\HTML Practice\FE2\Create_City_Cards_for_QTrip_Byte\frontend\__tests__\node_modules\jest-runner\build\runTest.js:444:34)</failure>
    </testcase>
    <testcase classname="Landing Page Tests Adds a new City - London" name="Landing Page Tests Adds a new City - London" time="0">
      <failure>ReferenceError: document is not defined
    at Object.document (C:\Users\godav\OneDrive\Desktop\HTML Practice\FE2\Create_City_Cards_for_QTrip_Byte\frontend\__tests__\modules\landing_page.test.js:15:5)
    at Promise.then.completed (C:\Users\godav\OneDrive\Desktop\HTML Practice\FE2\Create_City_Cards_for_QTrip_Byte\frontend\__tests__\node_modules\jest-circus\build\utils.js:298:28)
    at new Promise (&lt;anonymous&gt;)
    at callAsyncCircusFn (C:\Users\godav\OneDrive\Desktop\HTML Practice\FE2\Create_City_Cards_for_QTrip_Byte\frontend\__tests__\node_modules\jest-circus\build\utils.js:231:10)
    at _callCircusHook (C:\Users\godav\OneDrive\Desktop\HTML Practice\FE2\Create_City_Cards_for_QTrip_Byte\frontend\__tests__\node_modules\jest-circus\build\run.js:281:40)
    at _runTest (C:\Users\godav\OneDrive\Desktop\HTML Practice\FE2\Create_City_Cards_for_QTrip_Byte\frontend\__tests__\node_modules\jest-circus\build\run.js:246:5)
    at _runTestsForDescribeBlock (C:\Users\godav\OneDrive\Desktop\HTML Practice\FE2\Create_City_Cards_for_QTrip_Byte\frontend\__tests__\node_modules\jest-circus\build\run.js:126:9)
    at _runTestsForDescribeBlock (C:\Users\godav\OneDrive\Desktop\HTML Practice\FE2\Create_City_Cards_for_QTrip_Byte\frontend\__tests__\node_modules\jest-circus\build\run.js:121:9)
    at run (C:\Users\godav\OneDrive\Desktop\HTML Practice\FE2\Create_City_Cards_for_QTrip_Byte\frontend\__tests__\node_modules\jest-circus\build\run.js:71:3)
    at runAndTransformResultsToJestFormat (C:\Users\godav\OneDrive\Desktop\HTML Practice\FE2\Create_City_Cards_for_QTrip_Byte\frontend\__tests__\node_modules\jest-circus\build\legacy-code-todo-rewrite\jestAdapterInit.js:122:21)
    at jestAdapter (C:\Users\godav\OneDrive\Desktop\HTML Practice\FE2\Create_City_Cards_for_QTrip_Byte\frontend\__tests__\node_modules\jest-circus\build\legacy-code-todo-rewrite\jestAdapter.js:79:19)
    at runTestInternal (C:\Users\godav\OneDrive\Desktop\HTML Practice\FE2\Create_City_Cards_for_QTrip_Byte\frontend\__tests__\node_modules\jest-runner\build\runTest.js:367:16)
    at runTest (C:\Users\godav\OneDrive\Desktop\HTML Practice\FE2\Create_City_Cards_for_QTrip_Byte\frontend\__tests__\node_modules\jest-runner\build\runTest.js:444:34)</failure>
    </testcase>
  </testsuite>
</testsuites>